<?xml version="1.0" encoding="UTF-8"?>
<testsuite name="com.jojoldu.book.springboot.web.HelloControllerTest" tests="2" skipped="0" failures="0" errors="0" timestamp="2023-01-20T10:11:12" hostname="DESKTOP-DAT84FH" time="0.126">
  <properties/>
  <testcase name="hello가_리턴된다" classname="com.jojoldu.book.springboot.web.HelloControllerTest" time="0.057"/>
  <testcase name="helloDto가_리턴된다" classname="com.jojoldu.book.springboot.web.HelloControllerTest" time="0.069"/>
  <system-out><![CDATA[2023-01-20 19:11:11.215  INFO 8600 --- [    Test worker] .b.t.a.w.s.WebMvcTestContextBootstrapper : Neither @ContextConfiguration nor @ContextHierarchy found for test class [com.jojoldu.book.springboot.web.HelloControllerTest], using SpringBootContextLoader
2023-01-20 19:11:11.216  INFO 8600 --- [    Test worker] o.s.t.c.support.AbstractContextLoader    : Could not detect default resource locations for test class [com.jojoldu.book.springboot.web.HelloControllerTest]: no resource found for suffixes {-context.xml, Context.groovy}.
2023-01-20 19:11:11.216  INFO 8600 --- [    Test worker] t.c.s.AnnotationConfigContextLoaderUtils : Could not detect default configuration classes for test class [com.jojoldu.book.springboot.web.HelloControllerTest]: HelloControllerTest does not declare any static, non-private, non-final, nested classes annotated with @Configuration.
2023-01-20 19:11:11.235  INFO 8600 --- [    Test worker] .b.t.c.SpringBootTestContextBootstrapper : Found @SpringBootConfiguration com.jojoldu.book.springboot.Application for test class com.jojoldu.book.springboot.web.HelloControllerTest
2023-01-20 19:11:11.235  INFO 8600 --- [    Test worker] .b.t.a.w.s.WebMvcTestContextBootstrapper : Loaded default TestExecutionListener class names from location [META-INF/spring.factories]: [org.springframework.security.test.context.support.WithSecurityContextTestExecutionListener, org.springframework.security.test.context.support.ReactorContextTestExecutionListener, org.springframework.boot.test.autoconfigure.restdocs.RestDocsTestExecutionListener, org.springframework.boot.test.autoconfigure.web.client.MockRestServiceServerResetTestExecutionListener, org.springframework.boot.test.autoconfigure.web.servlet.MockMvcPrintOnlyOnFailureTestExecutionListener, org.springframework.boot.test.autoconfigure.web.servlet.WebDriverTestExecutionListener, org.springframework.boot.test.mock.mockito.MockitoTestExecutionListener, org.springframework.boot.test.mock.mockito.ResetMocksTestExecutionListener, org.springframework.test.context.web.ServletTestExecutionListener, org.springframework.test.context.support.DirtiesContextBeforeModesTestExecutionListener, org.springframework.test.context.support.DependencyInjectionTestExecutionListener, org.springframework.test.context.support.DirtiesContextTestExecutionListener, org.springframework.test.context.transaction.TransactionalTestExecutionListener, org.springframework.test.context.jdbc.SqlScriptsTestExecutionListener]
2023-01-20 19:11:11.236  INFO 8600 --- [    Test worker] .b.t.a.w.s.WebMvcTestContextBootstrapper : Using TestExecutionListeners: [org.springframework.test.context.web.ServletTestExecutionListener@6c4060e7, org.springframework.test.context.support.DirtiesContextBeforeModesTestExecutionListener@18082e2f, org.springframework.boot.test.mock.mockito.MockitoTestExecutionListener@528ef6d, org.springframework.boot.test.autoconfigure.SpringBootDependencyInjectionTestExecutionListener@30cf97a, org.springframework.test.context.support.DirtiesContextTestExecutionListener@6c24e6a4, org.springframework.test.context.transaction.TransactionalTestExecutionListener@3584c459, org.springframework.test.context.jdbc.SqlScriptsTestExecutionListener@77950603, org.springframework.security.test.context.support.WithSecurityContextTestExecutionListener@1336f6a2, org.springframework.security.test.context.support.ReactorContextTestExecutionListener@586c33a6, org.springframework.boot.test.autoconfigure.restdocs.RestDocsTestExecutionListener@4b5982fe, org.springframework.boot.test.autoconfigure.web.client.MockRestServiceServerResetTestExecutionListener@14a33088, org.springframework.boot.test.autoconfigure.web.servlet.MockMvcPrintOnlyOnFailureTestExecutionListener@30045758, org.springframework.boot.test.autoconfigure.web.servlet.WebDriverTestExecutionListener@94ca3fd, org.springframework.boot.test.mock.mockito.ResetMocksTestExecutionListener@e858e58]

  .   ____          _            __ _ _
 /\\ / ___'_ __ _ _(_)_ __  __ _ \ \ \ \
( ( )\___ | '_ | '_| | '_ \/ _` | \ \ \ \
 \\/  ___)| |_)| | | | | || (_| |  ) ) ) )
  '  |____| .__|_| |_|_| |_\__, | / / / /
 =========|_|==============|___/=/_/_/_/
 :: Spring Boot ::        (v2.1.9.RELEASE)

2023-01-20 19:11:11.260  INFO 8600 --- [    Test worker] c.j.b.s.web.HelloControllerTest          : Starting HelloControllerTest on DESKTOP-DAT84FH with PID 8600 (started by User in C:\Users\User\project\freelec-springboot2-webservice)
2023-01-20 19:11:11.261  INFO 8600 --- [    Test worker] c.j.b.s.web.HelloControllerTest          : No active profile set, falling back to default profiles: default
2023-01-20 19:11:11.597  INFO 8600 --- [    Test worker] o.s.s.concurrent.ThreadPoolTaskExecutor  : Initializing ExecutorService 'applicationTaskExecutor'
2023-01-20 19:11:11.622  INFO 8600 --- [    Test worker] o.s.b.a.w.s.WelcomePageHandlerMapping    : Adding welcome page template: index
2023-01-20 19:11:11.800  INFO 8600 --- [    Test worker] .s.s.UserDetailsServiceAutoConfiguration : 

Using generated security password: 5b3f32ac-5921-41ec-928c-50cd3881dfd6

2023-01-20 19:11:11.936  INFO 8600 --- [    Test worker] o.s.s.web.DefaultSecurityFilterChain     : Creating filter chain: any request, [org.springframework.security.web.context.request.async.WebAsyncManagerIntegrationFilter@1d369da5, org.springframework.security.web.context.SecurityContextPersistenceFilter@1b7956c1, org.springframework.security.web.header.HeaderWriterFilter@72b77514, org.springframework.security.web.csrf.CsrfFilter@a3ee48e, org.springframework.security.web.authentication.logout.LogoutFilter@193e9b51, org.springframework.security.web.authentication.UsernamePasswordAuthenticationFilter@d540691, org.springframework.security.web.authentication.ui.DefaultLoginPageGeneratingFilter@37292d1c, org.springframework.security.web.authentication.ui.DefaultLogoutPageGeneratingFilter@ad44c5d, org.springframework.security.web.authentication.www.BasicAuthenticationFilter@4dc30d77, org.springframework.security.web.savedrequest.RequestCacheAwareFilter@760d318a, org.springframework.security.web.servletapi.SecurityContextHolderAwareRequestFilter@3fdbf58a, org.springframework.security.web.authentication.AnonymousAuthenticationFilter@5f2950c5, org.springframework.security.web.session.SessionManagementFilter@f50f558, org.springframework.security.web.access.ExceptionTranslationFilter@50b7a5c9, org.springframework.security.web.access.intercept.FilterSecurityInterceptor@629f8259]
2023-01-20 19:11:11.968  INFO 8600 --- [    Test worker] o.s.b.t.m.w.SpringBootMockServletContext : Initializing Spring TestDispatcherServlet ''
2023-01-20 19:11:11.968  INFO 8600 --- [    Test worker] o.s.t.web.servlet.TestDispatcherServlet  : Initializing Servlet ''
2023-01-20 19:11:11.979  INFO 8600 --- [    Test worker] o.s.t.web.servlet.TestDispatcherServlet  : Completed initialization in 11 ms
2023-01-20 19:11:12.001  INFO 8600 --- [    Test worker] c.j.b.s.web.HelloControllerTest          : Started HelloControllerTest in 0.763 seconds (JVM running for 7.252)
]]></system-out>
  <system-err><![CDATA[]]></system-err>
</testsuite>
